[0.027s] Invoking command in '/home/user/ros2_ws/build/actions_quiz_msg': CMAKE_PREFIX_PATH=${CMAKE_PREFIX_PATH}:/home/simulations/ros2_sims_ws/install/turtlebot3_teleop:/home/simulations/ros2_sims_ws/install/turtlebot3_example:/home/simulations/ros2_sims_ws/install/services_pkg:/home/user/ros2_ws/install/services_quiz:/opt/ros/humble _=/usr/bin/env /usr/bin/cmake /home/user/ros2_ws/src/actions_quiz_msg -DCMAKE_INSTALL_PREFIX=/home/user/ros2_ws/install/actions_quiz_msg
[0.282s] -- The C compiler identification is GNU 11.2.0
[0.458s] -- The CXX compiler identification is GNU 11.2.0
[0.469s] -- Detecting C compiler ABI info
[0.635s] -- Detecting C compiler ABI info - done
[0.650s] -- Check for working C compiler: /usr/bin/cc - skipped
[0.650s] -- Detecting C compile features
[0.651s] -- Detecting C compile features - done
[0.656s] -- Detecting CXX compiler ABI info
[0.879s] -- Detecting CXX compiler ABI info - done
[0.900s] -- Check for working CXX compiler: /usr/bin/c++ - skipped
[0.900s] -- Detecting CXX compile features
[0.900s] -- Detecting CXX compile features - done
[0.908s] -- Found ament_cmake: 1.3.2 (/opt/ros/humble/share/ament_cmake/cmake)
[1.292s] -- Found Python3: /usr/bin/python3.10 (found version "3.10.6") found components: Interpreter 
[1.553s] -- Found rclcpp: 16.0.1 (/opt/ros/humble/share/rclcpp/cmake)
[1.699s] -- Found rosidl_generator_c: 3.1.3 (/opt/ros/humble/share/rosidl_generator_c/cmake)
[1.725s] -- Found rosidl_adapter: 3.1.3 (/opt/ros/humble/share/rosidl_adapter/cmake)
[1.751s] -- Found rosidl_generator_cpp: 3.1.3 (/opt/ros/humble/share/rosidl_generator_cpp/cmake)
[1.789s] -- Using all available rosidl_typesupport_c: rosidl_typesupport_fastrtps_c;rosidl_typesupport_introspection_c
[1.842s] -- Using all available rosidl_typesupport_cpp: rosidl_typesupport_fastrtps_cpp;rosidl_typesupport_introspection_cpp
[2.008s] -- Found rmw_implementation_cmake: 6.1.0 (/opt/ros/humble/share/rmw_implementation_cmake/cmake)
[2.019s] -- Found rmw_fastrtps_cpp: 6.2.1 (/opt/ros/humble/share/rmw_fastrtps_cpp/cmake)
[2.256s] -- Found OpenSSL: /usr/lib/x86_64-linux-gnu/libcrypto.so (found version "3.0.2")  
[2.346s] -- Found FastRTPS: /opt/ros/humble/include  
[2.489s] -- Using RMW implementation 'rmw_fastrtps_cpp' as default
[2.816s] -- Found action_msgs: 1.2.0 (/opt/ros/humble/share/action_msgs/cmake)
[2.940s] -- Found rosidl_default_generators: 1.2.0 (/opt/ros/humble/share/rosidl_default_generators/cmake)
[2.969s] -- Found ament_lint_auto: 0.12.4 (/opt/ros/humble/share/ament_lint_auto/cmake)
[3.571s] -- Found ament_cmake_ros: 0.10.0 (/opt/ros/humble/share/ament_cmake_ros/cmake)
[4.159s] -- Using all available rosidl_typesupport_c: rosidl_typesupport_fastrtps_c;rosidl_typesupport_introspection_c
[4.447s] -- Using all available rosidl_typesupport_cpp: rosidl_typesupport_fastrtps_cpp;rosidl_typesupport_introspection_cpp
[4.490s] -- Found PythonInterp: /usr/bin/python3 (found suitable version "3.10.6", minimum required is "3.6") 
[4.496s] -- Found python_cmake_module: 0.10.0 (/opt/ros/humble/share/python_cmake_module/cmake)
[4.544s] -- Found PythonLibs: /usr/lib/x86_64-linux-gnu/libpython3.10.so (found suitable version "3.10.6", minimum required is "3.5") 
[4.544s] -- Using PYTHON_EXECUTABLE: /usr/bin/python3
[4.545s] -- Using PYTHON_INCLUDE_DIRS: /usr/include/python3.10
[4.545s] -- Using PYTHON_LIBRARIES: /usr/lib/x86_64-linux-gnu/libpython3.10.so
[4.583s] -- Found PythonExtra: .so  
[4.669s] -- Added test 'lint_cmake' to check CMake code style
[4.671s] -- Added test 'xmllint' to check XML markup files
[4.682s] -- Configuring done
[4.740s] -- Generating done
[4.745s] -- Build files have been written to: /home/user/ros2_ws/build/actions_quiz_msg
[4.776s] Invoked command in '/home/user/ros2_ws/build/actions_quiz_msg' returned '0': CMAKE_PREFIX_PATH=${CMAKE_PREFIX_PATH}:/home/simulations/ros2_sims_ws/install/turtlebot3_teleop:/home/simulations/ros2_sims_ws/install/turtlebot3_example:/home/simulations/ros2_sims_ws/install/services_pkg:/home/user/ros2_ws/install/services_quiz:/opt/ros/humble _=/usr/bin/env /usr/bin/cmake /home/user/ros2_ws/src/actions_quiz_msg -DCMAKE_INSTALL_PREFIX=/home/user/ros2_ws/install/actions_quiz_msg
[4.778s] Invoking command in '/home/user/ros2_ws/build/actions_quiz_msg': CMAKE_PREFIX_PATH=${CMAKE_PREFIX_PATH}:/home/simulations/ros2_sims_ws/install/turtlebot3_teleop:/home/simulations/ros2_sims_ws/install/turtlebot3_example:/home/simulations/ros2_sims_ws/install/services_pkg:/home/user/ros2_ws/install/services_quiz:/opt/ros/humble _=/usr/bin/env /usr/bin/cmake --build /home/user/ros2_ws/build/actions_quiz_msg -- -j8 -l8
[4.896s] [  3%] [34m[1mGenerating C++ code for ROS interfaces[0m
[5.778s] [  3%] Built target actions_quiz_msg__cpp
[5.840s] [  3%] Built target ament_cmake_python_copy_actions_quiz_msg
[5.869s] [  6%] [34m[1mGenerating C++ introspection for ROS interfaces[0m
[6.546s] [  9%] [32mBuilding CXX object CMakeFiles/actions_quiz_msg__rosidl_typesupport_introspection_cpp.dir/rosidl_typesupport_introspection_cpp/actions_quiz_msg/action/detail/distance__type_support.cpp.o[0m
[7.469s] [ 12%] [32m[1mLinking CXX shared library libactions_quiz_msg__rosidl_typesupport_introspection_cpp.so[0m
[7.587s] [ 12%] Built target actions_quiz_msg__rosidl_typesupport_introspection_cpp
[8.037s] running egg_info
[8.038s] creating actions_quiz_msg.egg-info
[8.039s] writing actions_quiz_msg.egg-info/PKG-INFO
[8.039s] writing dependency_links to actions_quiz_msg.egg-info/dependency_links.txt
[8.039s] writing top-level names to actions_quiz_msg.egg-info/top_level.txt
[8.039s] writing manifest file 'actions_quiz_msg.egg-info/SOURCES.txt'
[8.043s] reading manifest file 'actions_quiz_msg.egg-info/SOURCES.txt'
[8.044s] writing manifest file 'actions_quiz_msg.egg-info/SOURCES.txt'
[8.087s] [ 12%] Built target ament_cmake_python_build_actions_quiz_msg_egg
[8.102s] [ 16%] [34m[1mGenerating C++ type support for eProsima Fast-RTPS[0m
[8.792s] [ 19%] [32mBuilding CXX object CMakeFiles/actions_quiz_msg__rosidl_typesupport_fastrtps_cpp.dir/rosidl_typesupport_fastrtps_cpp/actions_quiz_msg/action/detail/dds_fastrtps/distance__type_support.cpp.o[0m
[9.625s] [ 22%] [32m[1mLinking CXX shared library libactions_quiz_msg__rosidl_typesupport_fastrtps_cpp.so[0m
[9.765s] [ 22%] Built target actions_quiz_msg__rosidl_typesupport_fastrtps_cpp
[9.780s] [ 25%] [34m[1mGenerating C++ type support dispatch for ROS interfaces[0m
[10.264s] [ 29%] [32mBuilding CXX object CMakeFiles/actions_quiz_msg__rosidl_typesupport_cpp.dir/rosidl_typesupport_cpp/actions_quiz_msg/action/distance__type_support.cpp.o[0m
[10.916s] [ 32%] [32m[1mLinking CXX shared library libactions_quiz_msg__rosidl_typesupport_cpp.so[0m
[10.985s] [ 32%] Built target actions_quiz_msg__rosidl_typesupport_cpp
[11.002s] [ 35%] [34m[1mGenerating C code for ROS interfaces[0m
[11.753s] [ 38%] [32mBuilding C object CMakeFiles/actions_quiz_msg__rosidl_generator_c.dir/rosidl_generator_c/actions_quiz_msg/action/detail/distance__functions.c.o[0m
[11.945s] [ 41%] [32m[1mLinking C shared library libactions_quiz_msg__rosidl_generator_c.so[0m
[12.011s] [ 41%] Built target actions_quiz_msg__rosidl_generator_c
[12.027s] [ 45%] [34m[1mGenerating C type support for eProsima Fast-RTPS[0m
[12.673s] [ 48%] [32mBuilding CXX object CMakeFiles/actions_quiz_msg__rosidl_typesupport_fastrtps_c.dir/rosidl_typesupport_fastrtps_c/actions_quiz_msg/action/detail/distance__type_support_c.cpp.o[0m
[13.207s] [ 51%] [32m[1mLinking CXX shared library libactions_quiz_msg__rosidl_typesupport_fastrtps_c.so[0m
[13.335s] [ 51%] Built target actions_quiz_msg__rosidl_typesupport_fastrtps_c
[13.352s] [ 54%] [34m[1mGenerating C type support dispatch for ROS interfaces[0m
[13.787s] [ 58%] [32mBuilding CXX object CMakeFiles/actions_quiz_msg__rosidl_typesupport_c.dir/rosidl_typesupport_c/actions_quiz_msg/action/distance__type_support.cpp.o[0m
[13.861s] [ 61%] [32m[1mLinking CXX shared library libactions_quiz_msg__rosidl_typesupport_c.so[0m
[13.930s] [ 61%] Built target actions_quiz_msg__rosidl_typesupport_c
[13.947s] [ 64%] [34m[1mGenerating C introspection for ROS interfaces[0m
[14.551s] [ 67%] [32mBuilding C object CMakeFiles/actions_quiz_msg__rosidl_typesupport_introspection_c.dir/rosidl_typesupport_introspection_c/actions_quiz_msg/action/detail/distance__type_support.c.o[0m
[14.630s] [ 70%] [32m[1mLinking C shared library libactions_quiz_msg__rosidl_typesupport_introspection_c.so[0m
[14.714s] [ 70%] Built target actions_quiz_msg__rosidl_typesupport_introspection_c
[14.743s] [ 70%] Built target actions_quiz_msg
[14.778s] [ 74%] [34m[1mGenerating Python code for ROS interfaces[0m
[16.203s] [ 74%] Built target actions_quiz_msg__py
[16.238s] [ 77%] [32mBuilding C object CMakeFiles/actions_quiz_msg__rosidl_generator_py.dir/rosidl_generator_py/actions_quiz_msg/action/_distance_s.c.o[0m
[16.487s] [ 80%] [32m[1mLinking C shared library rosidl_generator_py/actions_quiz_msg/libactions_quiz_msg__rosidl_generator_py.so[0m
[16.564s] [ 80%] Built target actions_quiz_msg__rosidl_generator_py
[16.597s] [ 83%] [32mBuilding C object CMakeFiles/actions_quiz_msg__rosidl_typesupport_fastrtps_c__pyext.dir/rosidl_generator_py/actions_quiz_msg/_actions_quiz_msg_s.ep.rosidl_typesupport_fastrtps_c.c.o[0m
[16.804s] [ 87%] [32m[1mLinking C shared library rosidl_generator_py/actions_quiz_msg/actions_quiz_msg_s__rosidl_typesupport_fastrtps_c.cpython-310-x86_64-linux-gnu.so[0m
[16.883s] [ 87%] Built target actions_quiz_msg__rosidl_typesupport_fastrtps_c__pyext
[16.926s] [ 90%] [32mBuilding C object CMakeFiles/actions_quiz_msg__rosidl_typesupport_c__pyext.dir/rosidl_generator_py/actions_quiz_msg/_actions_quiz_msg_s.ep.rosidl_typesupport_c.c.o[0m
[17.132s] [ 93%] [32m[1mLinking C shared library rosidl_generator_py/actions_quiz_msg/actions_quiz_msg_s__rosidl_typesupport_c.cpython-310-x86_64-linux-gnu.so[0m
[17.218s] [ 93%] Built target actions_quiz_msg__rosidl_typesupport_c__pyext
[17.255s] [ 96%] [32mBuilding C object CMakeFiles/actions_quiz_msg__rosidl_typesupport_introspection_c__pyext.dir/rosidl_generator_py/actions_quiz_msg/_actions_quiz_msg_s.ep.rosidl_typesupport_introspection_c.c.o[0m
[17.443s] [100%] [32m[1mLinking C shared library rosidl_generator_py/actions_quiz_msg/actions_quiz_msg_s__rosidl_typesupport_introspection_c.cpython-310-x86_64-linux-gnu.so[0m
[17.513s] [100%] Built target actions_quiz_msg__rosidl_typesupport_introspection_c__pyext
[17.533s] Invoked command in '/home/user/ros2_ws/build/actions_quiz_msg' returned '0': CMAKE_PREFIX_PATH=${CMAKE_PREFIX_PATH}:/home/simulations/ros2_sims_ws/install/turtlebot3_teleop:/home/simulations/ros2_sims_ws/install/turtlebot3_example:/home/simulations/ros2_sims_ws/install/services_pkg:/home/user/ros2_ws/install/services_quiz:/opt/ros/humble _=/usr/bin/env /usr/bin/cmake --build /home/user/ros2_ws/build/actions_quiz_msg -- -j8 -l8
[17.766s] Invoking command in '/home/user/ros2_ws/build/actions_quiz_msg': CMAKE_PREFIX_PATH=${CMAKE_PREFIX_PATH}:/home/simulations/ros2_sims_ws/install/turtlebot3_teleop:/home/simulations/ros2_sims_ws/install/turtlebot3_example:/home/simulations/ros2_sims_ws/install/services_pkg:/home/user/ros2_ws/install/services_quiz:/opt/ros/humble _=/usr/bin/env /usr/bin/cmake --install /home/user/ros2_ws/build/actions_quiz_msg
[17.779s] -- Install configuration: ""
[17.780s] -- Installing: /home/user/ros2_ws/install/actions_quiz_msg/share/ament_index/resource_index/rosidl_interfaces/actions_quiz_msg
[17.780s] -- Installing: /home/user/ros2_ws/install/actions_quiz_msg/include/actions_quiz_msg/actions_quiz_msg
[17.781s] -- Installing: /home/user/ros2_ws/install/actions_quiz_msg/include/actions_quiz_msg/actions_quiz_msg/msg
[17.781s] -- Installing: /home/user/ros2_ws/install/actions_quiz_msg/include/actions_quiz_msg/actions_quiz_msg/msg/rosidl_generator_c__visibility_control.h
[17.781s] -- Installing: /home/user/ros2_ws/install/actions_quiz_msg/include/actions_quiz_msg/actions_quiz_msg/action
[17.781s] -- Installing: /home/user/ros2_ws/install/actions_quiz_msg/include/actions_quiz_msg/actions_quiz_msg/action/detail
[17.781s] -- Installing: /home/user/ros2_ws/install/actions_quiz_msg/include/actions_quiz_msg/actions_quiz_msg/action/detail/distance__functions.c
[17.781s] -- Installing: /home/user/ros2_ws/install/actions_quiz_msg/include/actions_quiz_msg/actions_quiz_msg/action/detail/distance__functions.h
[17.782s] -- Installing: /home/user/ros2_ws/install/actions_quiz_msg/include/actions_quiz_msg/actions_quiz_msg/action/detail/distance__type_support.h
[17.782s] -- Installing: /home/user/ros2_ws/install/actions_quiz_msg/include/actions_quiz_msg/actions_quiz_msg/action/detail/distance__struct.h
[17.782s] -- Installing: /home/user/ros2_ws/install/actions_quiz_msg/include/actions_quiz_msg/actions_quiz_msg/action/distance.h
[17.782s] -- Installing: /home/user/ros2_ws/install/actions_quiz_msg/share/actions_quiz_msg/environment/library_path.sh
[17.783s] -- Installing: /home/user/ros2_ws/install/actions_quiz_msg/share/actions_quiz_msg/environment/library_path.dsv
[17.783s] -- Installing: /home/user/ros2_ws/install/actions_quiz_msg/lib/libactions_quiz_msg__rosidl_generator_c.so
[17.784s] -- Set runtime path of "/home/user/ros2_ws/install/actions_quiz_msg/lib/libactions_quiz_msg__rosidl_generator_c.so" to ""
[17.784s] -- Up-to-date: /home/user/ros2_ws/install/actions_quiz_msg/include/actions_quiz_msg/actions_quiz_msg
[17.784s] -- Up-to-date: /home/user/ros2_ws/install/actions_quiz_msg/include/actions_quiz_msg/actions_quiz_msg/msg
[17.784s] -- Installing: /home/user/ros2_ws/install/actions_quiz_msg/include/actions_quiz_msg/actions_quiz_msg/msg/rosidl_typesupport_fastrtps_c__visibility_control.h
[17.785s] -- Up-to-date: /home/user/ros2_ws/install/actions_quiz_msg/include/actions_quiz_msg/actions_quiz_msg/action
[17.785s] -- Up-to-date: /home/user/ros2_ws/install/actions_quiz_msg/include/actions_quiz_msg/actions_quiz_msg/action/detail
[17.785s] -- Installing: /home/user/ros2_ws/install/actions_quiz_msg/include/actions_quiz_msg/actions_quiz_msg/action/detail/distance__rosidl_typesupport_fastrtps_c.h
[17.785s] -- Installing: /home/user/ros2_ws/install/actions_quiz_msg/lib/libactions_quiz_msg__rosidl_typesupport_fastrtps_c.so
[17.785s] -- Set runtime path of "/home/user/ros2_ws/install/actions_quiz_msg/lib/libactions_quiz_msg__rosidl_typesupport_fastrtps_c.so" to ""
[17.786s] -- Up-to-date: /home/user/ros2_ws/install/actions_quiz_msg/include/actions_quiz_msg/actions_quiz_msg
[17.786s] -- Up-to-date: /home/user/ros2_ws/install/actions_quiz_msg/include/actions_quiz_msg/actions_quiz_msg/action
[17.786s] -- Up-to-date: /home/user/ros2_ws/install/actions_quiz_msg/include/actions_quiz_msg/actions_quiz_msg/action/detail
[17.787s] -- Installing: /home/user/ros2_ws/install/actions_quiz_msg/include/actions_quiz_msg/actions_quiz_msg/action/detail/distance__builder.hpp
[17.787s] -- Installing: /home/user/ros2_ws/install/actions_quiz_msg/include/actions_quiz_msg/actions_quiz_msg/action/detail/distance__struct.hpp
[17.788s] -- Installing: /home/user/ros2_ws/install/actions_quiz_msg/include/actions_quiz_msg/actions_quiz_msg/action/detail/distance__traits.hpp
[17.788s] -- Installing: /home/user/ros2_ws/install/actions_quiz_msg/include/actions_quiz_msg/actions_quiz_msg/action/distance.hpp
[17.788s] -- Up-to-date: /home/user/ros2_ws/install/actions_quiz_msg/include/actions_quiz_msg/actions_quiz_msg
[17.789s] -- Up-to-date: /home/user/ros2_ws/install/actions_quiz_msg/include/actions_quiz_msg/actions_quiz_msg/msg
[17.789s] -- Installing: /home/user/ros2_ws/install/actions_quiz_msg/include/actions_quiz_msg/actions_quiz_msg/msg/rosidl_typesupport_fastrtps_cpp__visibility_control.h
[17.789s] -- Up-to-date: /home/user/ros2_ws/install/actions_quiz_msg/include/actions_quiz_msg/actions_quiz_msg/action
[17.789s] -- Up-to-date: /home/user/ros2_ws/install/actions_quiz_msg/include/actions_quiz_msg/actions_quiz_msg/action/detail
[17.790s] -- Installing: /home/user/ros2_ws/install/actions_quiz_msg/include/actions_quiz_msg/actions_quiz_msg/action/detail/distance__rosidl_typesupport_fastrtps_cpp.hpp
[17.790s] -- Installing: /home/user/ros2_ws/install/actions_quiz_msg/include/actions_quiz_msg/actions_quiz_msg/action/detail/dds_fastrtps
[17.790s] -- Installing: /home/user/ros2_ws/install/actions_quiz_msg/lib/libactions_quiz_msg__rosidl_typesupport_fastrtps_cpp.so
[17.791s] -- Set runtime path of "/home/user/ros2_ws/install/actions_quiz_msg/lib/libactions_quiz_msg__rosidl_typesupport_fastrtps_cpp.so" to ""
[17.791s] -- Up-to-date: /home/user/ros2_ws/install/actions_quiz_msg/include/actions_quiz_msg/actions_quiz_msg
[17.791s] -- Up-to-date: /home/user/ros2_ws/install/actions_quiz_msg/include/actions_quiz_msg/actions_quiz_msg/msg
[17.791s] -- Installing: /home/user/ros2_ws/install/actions_quiz_msg/include/actions_quiz_msg/actions_quiz_msg/msg/rosidl_typesupport_introspection_c__visibility_control.h
[17.792s] -- Up-to-date: /home/user/ros2_ws/install/actions_quiz_msg/include/actions_quiz_msg/actions_quiz_msg/action
[17.792s] -- Up-to-date: /home/user/ros2_ws/install/actions_quiz_msg/include/actions_quiz_msg/actions_quiz_msg/action/detail
[17.792s] -- Installing: /home/user/ros2_ws/install/actions_quiz_msg/include/actions_quiz_msg/actions_quiz_msg/action/detail/distance__rosidl_typesupport_introspection_c.h
[17.792s] -- Installing: /home/user/ros2_ws/install/actions_quiz_msg/include/actions_quiz_msg/actions_quiz_msg/action/detail/distance__type_support.c
[17.792s] -- Installing: /home/user/ros2_ws/install/actions_quiz_msg/lib/libactions_quiz_msg__rosidl_typesupport_introspection_c.so
[17.792s] -- Set runtime path of "/home/user/ros2_ws/install/actions_quiz_msg/lib/libactions_quiz_msg__rosidl_typesupport_introspection_c.so" to ""
[17.793s] -- Installing: /home/user/ros2_ws/install/actions_quiz_msg/lib/libactions_quiz_msg__rosidl_typesupport_c.so
[17.793s] -- Set runtime path of "/home/user/ros2_ws/install/actions_quiz_msg/lib/libactions_quiz_msg__rosidl_typesupport_c.so" to ""
[17.793s] -- Up-to-date: /home/user/ros2_ws/install/actions_quiz_msg/include/actions_quiz_msg/actions_quiz_msg
[17.793s] -- Up-to-date: /home/user/ros2_ws/install/actions_quiz_msg/include/actions_quiz_msg/actions_quiz_msg/action
[17.794s] -- Up-to-date: /home/user/ros2_ws/install/actions_quiz_msg/include/actions_quiz_msg/actions_quiz_msg/action/detail
[17.794s] -- Installing: /home/user/ros2_ws/install/actions_quiz_msg/include/actions_quiz_msg/actions_quiz_msg/action/detail/distance__rosidl_typesupport_introspection_cpp.hpp
[17.794s] -- Installing: /home/user/ros2_ws/install/actions_quiz_msg/include/actions_quiz_msg/actions_quiz_msg/action/detail/distance__type_support.cpp
[17.795s] -- Installing: /home/user/ros2_ws/install/actions_quiz_msg/lib/libactions_quiz_msg__rosidl_typesupport_introspection_cpp.so
[17.795s] -- Set runtime path of "/home/user/ros2_ws/install/actions_quiz_msg/lib/libactions_quiz_msg__rosidl_typesupport_introspection_cpp.so" to ""
[17.795s] -- Installing: /home/user/ros2_ws/install/actions_quiz_msg/lib/libactions_quiz_msg__rosidl_typesupport_cpp.so
[17.796s] -- Set runtime path of "/home/user/ros2_ws/install/actions_quiz_msg/lib/libactions_quiz_msg__rosidl_typesupport_cpp.so" to ""
[17.797s] -- Installing: /home/user/ros2_ws/install/actions_quiz_msg/share/actions_quiz_msg/environment/pythonpath.sh
[17.798s] -- Installing: /home/user/ros2_ws/install/actions_quiz_msg/share/actions_quiz_msg/environment/pythonpath.dsv
[17.798s] -- Installing: /home/user/ros2_ws/install/actions_quiz_msg/local/lib/python3.10/dist-packages/actions_quiz_msg-0.0.0-py3.10.egg-info
[17.798s] -- Installing: /home/user/ros2_ws/install/actions_quiz_msg/local/lib/python3.10/dist-packages/actions_quiz_msg-0.0.0-py3.10.egg-info/PKG-INFO
[17.798s] -- Installing: /home/user/ros2_ws/install/actions_quiz_msg/local/lib/python3.10/dist-packages/actions_quiz_msg-0.0.0-py3.10.egg-info/top_level.txt
[17.798s] -- Installing: /home/user/ros2_ws/install/actions_quiz_msg/local/lib/python3.10/dist-packages/actions_quiz_msg-0.0.0-py3.10.egg-info/SOURCES.txt
[17.799s] -- Installing: /home/user/ros2_ws/install/actions_quiz_msg/local/lib/python3.10/dist-packages/actions_quiz_msg-0.0.0-py3.10.egg-info/dependency_links.txt
[17.799s] -- Installing: /home/user/ros2_ws/install/actions_quiz_msg/local/lib/python3.10/dist-packages/actions_quiz_msg
[17.799s] -- Installing: /home/user/ros2_ws/install/actions_quiz_msg/local/lib/python3.10/dist-packages/actions_quiz_msg/actions_quiz_msg_s__rosidl_typesupport_fastrtps_c.cpython-310-x86_64-linux-gnu.so
[17.799s] -- Installing: /home/user/ros2_ws/install/actions_quiz_msg/local/lib/python3.10/dist-packages/actions_quiz_msg/actions_quiz_msg_s__rosidl_typesupport_c.cpython-310-x86_64-linux-gnu.so
[17.800s] -- Installing: /home/user/ros2_ws/install/actions_quiz_msg/local/lib/python3.10/dist-packages/actions_quiz_msg/_actions_quiz_msg_s.ep.rosidl_typesupport_introspection_c.c
[17.800s] -- Installing: /home/user/ros2_ws/install/actions_quiz_msg/local/lib/python3.10/dist-packages/actions_quiz_msg/libactions_quiz_msg__rosidl_generator_py.so
[17.800s] -- Installing: /home/user/ros2_ws/install/actions_quiz_msg/local/lib/python3.10/dist-packages/actions_quiz_msg/actions_quiz_msg_s__rosidl_typesupport_introspection_c.cpython-310-x86_64-linux-gnu.so
[17.800s] -- Installing: /home/user/ros2_ws/install/actions_quiz_msg/local/lib/python3.10/dist-packages/actions_quiz_msg/__init__.py
[17.800s] -- Installing: /home/user/ros2_ws/install/actions_quiz_msg/local/lib/python3.10/dist-packages/actions_quiz_msg/_actions_quiz_msg_s.ep.rosidl_typesupport_fastrtps_c.c
[17.800s] -- Installing: /home/user/ros2_ws/install/actions_quiz_msg/local/lib/python3.10/dist-packages/actions_quiz_msg/_actions_quiz_msg_s.ep.rosidl_typesupport_c.c
[17.800s] -- Installing: /home/user/ros2_ws/install/actions_quiz_msg/local/lib/python3.10/dist-packages/actions_quiz_msg/action
[17.800s] -- Installing: /home/user/ros2_ws/install/actions_quiz_msg/local/lib/python3.10/dist-packages/actions_quiz_msg/action/__init__.py
[17.800s] -- Installing: /home/user/ros2_ws/install/actions_quiz_msg/local/lib/python3.10/dist-packages/actions_quiz_msg/action/_distance_s.c
[17.801s] -- Installing: /home/user/ros2_ws/install/actions_quiz_msg/local/lib/python3.10/dist-packages/actions_quiz_msg/action/_distance.py
[17.863s] Listing '/home/user/ros2_ws/install/actions_quiz_msg/local/lib/python3.10/dist-packages/actions_quiz_msg'...
[17.863s] Compiling '/home/user/ros2_ws/install/actions_quiz_msg/local/lib/python3.10/dist-packages/actions_quiz_msg/__init__.py'...
[17.863s] Listing '/home/user/ros2_ws/install/actions_quiz_msg/local/lib/python3.10/dist-packages/actions_quiz_msg/action'...
[17.863s] Compiling '/home/user/ros2_ws/install/actions_quiz_msg/local/lib/python3.10/dist-packages/actions_quiz_msg/action/__init__.py'...
[17.863s] Compiling '/home/user/ros2_ws/install/actions_quiz_msg/local/lib/python3.10/dist-packages/actions_quiz_msg/action/_distance.py'...
[17.870s] -- Installing: /home/user/ros2_ws/install/actions_quiz_msg/local/lib/python3.10/dist-packages/actions_quiz_msg/actions_quiz_msg_s__rosidl_typesupport_fastrtps_c.cpython-310-x86_64-linux-gnu.so
[17.870s] -- Set runtime path of "/home/user/ros2_ws/install/actions_quiz_msg/local/lib/python3.10/dist-packages/actions_quiz_msg/actions_quiz_msg_s__rosidl_typesupport_fastrtps_c.cpython-310-x86_64-linux-gnu.so" to ""
[17.870s] -- Installing: /home/user/ros2_ws/install/actions_quiz_msg/local/lib/python3.10/dist-packages/actions_quiz_msg/actions_quiz_msg_s__rosidl_typesupport_introspection_c.cpython-310-x86_64-linux-gnu.so
[17.871s] -- Set runtime path of "/home/user/ros2_ws/install/actions_quiz_msg/local/lib/python3.10/dist-packages/actions_quiz_msg/actions_quiz_msg_s__rosidl_typesupport_introspection_c.cpython-310-x86_64-linux-gnu.so" to ""
[17.871s] -- Installing: /home/user/ros2_ws/install/actions_quiz_msg/local/lib/python3.10/dist-packages/actions_quiz_msg/actions_quiz_msg_s__rosidl_typesupport_c.cpython-310-x86_64-linux-gnu.so
[17.872s] -- Set runtime path of "/home/user/ros2_ws/install/actions_quiz_msg/local/lib/python3.10/dist-packages/actions_quiz_msg/actions_quiz_msg_s__rosidl_typesupport_c.cpython-310-x86_64-linux-gnu.so" to ""
[17.872s] -- Installing: /home/user/ros2_ws/install/actions_quiz_msg/lib/libactions_quiz_msg__rosidl_generator_py.so
[17.872s] -- Set runtime path of "/home/user/ros2_ws/install/actions_quiz_msg/lib/libactions_quiz_msg__rosidl_generator_py.so" to ""
[17.873s] -- Installing: /home/user/ros2_ws/install/actions_quiz_msg/share/actions_quiz_msg/action/Distance.idl
[17.873s] -- Installing: /home/user/ros2_ws/install/actions_quiz_msg/share/actions_quiz_msg/action/Distance.action
[17.873s] -- Installing: /home/user/ros2_ws/install/actions_quiz_msg/share/ament_index/resource_index/package_run_dependencies/actions_quiz_msg
[17.875s] -- Installing: /home/user/ros2_ws/install/actions_quiz_msg/share/ament_index/resource_index/parent_prefix_path/actions_quiz_msg
[17.875s] -- Installing: /home/user/ros2_ws/install/actions_quiz_msg/share/actions_quiz_msg/environment/ament_prefix_path.sh
[17.875s] -- Installing: /home/user/ros2_ws/install/actions_quiz_msg/share/actions_quiz_msg/environment/ament_prefix_path.dsv
[17.875s] -- Installing: /home/user/ros2_ws/install/actions_quiz_msg/share/actions_quiz_msg/environment/path.sh
[17.878s] -- Installing: /home/user/ros2_ws/install/actions_quiz_msg/share/actions_quiz_msg/environment/path.dsv
[17.878s] -- Installing: /home/user/ros2_ws/install/actions_quiz_msg/share/actions_quiz_msg/local_setup.bash
[17.878s] -- Installing: /home/user/ros2_ws/install/actions_quiz_msg/share/actions_quiz_msg/local_setup.sh
[17.878s] -- Installing: /home/user/ros2_ws/install/actions_quiz_msg/share/actions_quiz_msg/local_setup.zsh
[17.878s] -- Installing: /home/user/ros2_ws/install/actions_quiz_msg/share/actions_quiz_msg/local_setup.dsv
[17.878s] -- Installing: /home/user/ros2_ws/install/actions_quiz_msg/share/actions_quiz_msg/package.dsv
[17.878s] -- Installing: /home/user/ros2_ws/install/actions_quiz_msg/share/ament_index/resource_index/packages/actions_quiz_msg
[17.878s] -- Installing: /home/user/ros2_ws/install/actions_quiz_msg/share/actions_quiz_msg/cmake/export_actions_quiz_msg__rosidl_generator_cExport.cmake
[17.879s] -- Installing: /home/user/ros2_ws/install/actions_quiz_msg/share/actions_quiz_msg/cmake/export_actions_quiz_msg__rosidl_generator_cExport-noconfig.cmake
[17.879s] -- Installing: /home/user/ros2_ws/install/actions_quiz_msg/share/actions_quiz_msg/cmake/export_actions_quiz_msg__rosidl_typesupport_fastrtps_cExport.cmake
[17.879s] -- Installing: /home/user/ros2_ws/install/actions_quiz_msg/share/actions_quiz_msg/cmake/export_actions_quiz_msg__rosidl_typesupport_fastrtps_cExport-noconfig.cmake
[17.879s] -- Installing: /home/user/ros2_ws/install/actions_quiz_msg/share/actions_quiz_msg/cmake/export_actions_quiz_msg__rosidl_generator_cppExport.cmake
[17.879s] -- Installing: /home/user/ros2_ws/install/actions_quiz_msg/share/actions_quiz_msg/cmake/export_actions_quiz_msg__rosidl_typesupport_fastrtps_cppExport.cmake
[17.879s] -- Installing: /home/user/ros2_ws/install/actions_quiz_msg/share/actions_quiz_msg/cmake/export_actions_quiz_msg__rosidl_typesupport_fastrtps_cppExport-noconfig.cmake
[17.880s] -- Installing: /home/user/ros2_ws/install/actions_quiz_msg/share/actions_quiz_msg/cmake/actions_quiz_msg__rosidl_typesupport_introspection_cExport.cmake
[17.880s] -- Installing: /home/user/ros2_ws/install/actions_quiz_msg/share/actions_quiz_msg/cmake/actions_quiz_msg__rosidl_typesupport_introspection_cExport-noconfig.cmake
[17.881s] -- Installing: /home/user/ros2_ws/install/actions_quiz_msg/share/actions_quiz_msg/cmake/actions_quiz_msg__rosidl_typesupport_cExport.cmake
[17.881s] -- Installing: /home/user/ros2_ws/install/actions_quiz_msg/share/actions_quiz_msg/cmake/actions_quiz_msg__rosidl_typesupport_cExport-noconfig.cmake
[17.881s] -- Installing: /home/user/ros2_ws/install/actions_quiz_msg/share/actions_quiz_msg/cmake/actions_quiz_msg__rosidl_typesupport_introspection_cppExport.cmake
[17.881s] -- Installing: /home/user/ros2_ws/install/actions_quiz_msg/share/actions_quiz_msg/cmake/actions_quiz_msg__rosidl_typesupport_introspection_cppExport-noconfig.cmake
[17.881s] -- Installing: /home/user/ros2_ws/install/actions_quiz_msg/share/actions_quiz_msg/cmake/actions_quiz_msg__rosidl_typesupport_cppExport.cmake
[17.881s] -- Installing: /home/user/ros2_ws/install/actions_quiz_msg/share/actions_quiz_msg/cmake/actions_quiz_msg__rosidl_typesupport_cppExport-noconfig.cmake
[17.881s] -- Installing: /home/user/ros2_ws/install/actions_quiz_msg/share/actions_quiz_msg/cmake/export_actions_quiz_msg__rosidl_generator_pyExport.cmake
[17.881s] -- Installing: /home/user/ros2_ws/install/actions_quiz_msg/share/actions_quiz_msg/cmake/export_actions_quiz_msg__rosidl_generator_pyExport-noconfig.cmake
[17.882s] -- Installing: /home/user/ros2_ws/install/actions_quiz_msg/share/actions_quiz_msg/cmake/rosidl_cmake-extras.cmake
[17.882s] -- Installing: /home/user/ros2_ws/install/actions_quiz_msg/share/actions_quiz_msg/cmake/ament_cmake_export_dependencies-extras.cmake
[17.882s] -- Installing: /home/user/ros2_ws/install/actions_quiz_msg/share/actions_quiz_msg/cmake/ament_cmake_export_include_directories-extras.cmake
[17.882s] -- Installing: /home/user/ros2_ws/install/actions_quiz_msg/share/actions_quiz_msg/cmake/ament_cmake_export_libraries-extras.cmake
[17.882s] -- Installing: /home/user/ros2_ws/install/actions_quiz_msg/share/actions_quiz_msg/cmake/ament_cmake_export_targets-extras.cmake
[17.882s] -- Installing: /home/user/ros2_ws/install/actions_quiz_msg/share/actions_quiz_msg/cmake/rosidl_cmake_export_typesupport_targets-extras.cmake
[17.882s] -- Installing: /home/user/ros2_ws/install/actions_quiz_msg/share/actions_quiz_msg/cmake/rosidl_cmake_export_typesupport_libraries-extras.cmake
[17.882s] -- Installing: /home/user/ros2_ws/install/actions_quiz_msg/share/actions_quiz_msg/cmake/actions_quiz_msgConfig.cmake
[17.883s] -- Installing: /home/user/ros2_ws/install/actions_quiz_msg/share/actions_quiz_msg/cmake/actions_quiz_msgConfig-version.cmake
[17.883s] -- Installing: /home/user/ros2_ws/install/actions_quiz_msg/share/actions_quiz_msg/package.xml
[17.889s] Invoked command in '/home/user/ros2_ws/build/actions_quiz_msg' returned '0': CMAKE_PREFIX_PATH=${CMAKE_PREFIX_PATH}:/home/simulations/ros2_sims_ws/install/turtlebot3_teleop:/home/simulations/ros2_sims_ws/install/turtlebot3_example:/home/simulations/ros2_sims_ws/install/services_pkg:/home/user/ros2_ws/install/services_quiz:/opt/ros/humble _=/usr/bin/env /usr/bin/cmake --install /home/user/ros2_ws/build/actions_quiz_msg
