running egg_info
creating ../../build/services_quiz/services_quiz.egg-info
writing ../../build/services_quiz/services_quiz.egg-info/PKG-INFO
writing dependency_links to ../../build/services_quiz/services_quiz.egg-info/dependency_links.txt
writing entry points to ../../build/services_quiz/services_quiz.egg-info/entry_points.txt
writing requirements to ../../build/services_quiz/services_quiz.egg-info/requires.txt
writing top-level names to ../../build/services_quiz/services_quiz.egg-info/top_level.txt
writing manifest file '../../build/services_quiz/services_quiz.egg-info/SOURCES.txt'
reading manifest file '../../build/services_quiz/services_quiz.egg-info/SOURCES.txt'
writing manifest file '../../build/services_quiz/services_quiz.egg-info/SOURCES.txt'
running build
running build_py
creating /home/user/ros2_ws/build/services_quiz/build
creating /home/user/ros2_ws/build/services_quiz/build/lib
creating /home/user/ros2_ws/build/services_quiz/build/lib/services_quiz
copying services_quiz/__init__.py -> /home/user/ros2_ws/build/services_quiz/build/lib/services_quiz
copying services_quiz/turn_client.py -> /home/user/ros2_ws/build/services_quiz/build/lib/services_quiz
copying services_quiz/turn_server.py -> /home/user/ros2_ws/build/services_quiz/build/lib/services_quiz
running install
running install_lib
creating /home/user/ros2_ws/install/services_quiz/lib/python3.10/site-packages/services_quiz
copying /home/user/ros2_ws/build/services_quiz/build/lib/services_quiz/__init__.py -> /home/user/ros2_ws/install/services_quiz/lib/python3.10/site-packages/services_quiz
copying /home/user/ros2_ws/build/services_quiz/build/lib/services_quiz/turn_client.py -> /home/user/ros2_ws/install/services_quiz/lib/python3.10/site-packages/services_quiz
copying /home/user/ros2_ws/build/services_quiz/build/lib/services_quiz/turn_server.py -> /home/user/ros2_ws/install/services_quiz/lib/python3.10/site-packages/services_quiz
byte-compiling /home/user/ros2_ws/install/services_quiz/lib/python3.10/site-packages/services_quiz/__init__.py to __init__.cpython-310.pyc
byte-compiling /home/user/ros2_ws/install/services_quiz/lib/python3.10/site-packages/services_quiz/turn_client.py to turn_client.cpython-310.pyc
byte-compiling /home/user/ros2_ws/install/services_quiz/lib/python3.10/site-packages/services_quiz/turn_server.py to turn_server.cpython-310.pyc
running install_data
creating /home/user/ros2_ws/install/services_quiz/share/ament_index
creating /home/user/ros2_ws/install/services_quiz/share/ament_index/resource_index
creating /home/user/ros2_ws/install/services_quiz/share/ament_index/resource_index/packages
copying resource/services_quiz -> /home/user/ros2_ws/install/services_quiz/share/ament_index/resource_index/packages
copying package.xml -> /home/user/ros2_ws/install/services_quiz/share/services_quiz
creating /home/user/ros2_ws/install/services_quiz/share/services_quiz/launch
copying launch/services_quiz_client.launch.py -> /home/user/ros2_ws/install/services_quiz/share/services_quiz/launch
copying launch/services_quiz_server.launch.py -> /home/user/ros2_ws/install/services_quiz/share/services_quiz/launch
running install_egg_info
Copying ../../build/services_quiz/services_quiz.egg-info to /home/user/ros2_ws/install/services_quiz/lib/python3.10/site-packages/services_quiz-0.0.0-py3.10.egg-info
running install_scripts
Installing turn_client script to /home/user/ros2_ws/install/services_quiz/lib/services_quiz
Installing turn_server script to /home/user/ros2_ws/install/services_quiz/lib/services_quiz
writing list of installed files to '/home/user/ros2_ws/build/services_quiz/install.log'
